<?xml version="1.0" encoding="UTF-8"?>
<!-- Generated by org.testng.reporters.JUnitReportReporter -->
<testsuite hostname="PMAHAJA2-M-M4GK" failures="1" tests="1" name="com.prashant.tests.HomePageTests" time="9.197" errors="0" timestamp="2024-08-28T00:12:04 IST" skipped="0">
  <testcase classname="com.prashant.tests.HomePageTests" name="test2" time="9.197">
    <failure message="[size is too small] 
Expected size: 5 but was: 10 in:
[[[ChromeDriver: chrome on mac (e18ea6674d374379ccac373145203c72)] -&gt; xpath: //a/h3],
    [[ChromeDriver: chrome on mac (e18ea6674d374379ccac373145203c72)] -&gt; xpath: //a/h3],
    [[ChromeDriver: chrome on mac (e18ea6674d374379ccac373145203c72)] -&gt; xpath: //a/h3],
    [[ChromeDriver: chrome on mac (e18ea6674d374379ccac373145203c72)] -&gt; xpath: //a/h3],
    [[ChromeDriver: chrome on mac (e18ea6674d374379ccac373145203c72)] -&gt; xpath: //a/h3],
    [[ChromeDriver: chrome on mac (e18ea6674d374379ccac373145203c72)] -&gt; xpath: //a/h3],
    [[ChromeDriver: chrome on mac (e18ea6674d374379ccac373145203c72)] -&gt; xpath: //a/h3],
    [[ChromeDriver: chrome on mac (e18ea6674d374379ccac373145203c72)] -&gt; xpath: //a/h3],
    [[ChromeDriver: chrome on mac (e18ea6674d374379ccac373145203c72)] -&gt; xpath: //a/h3],
    [[ChromeDriver: chrome on mac (e18ea6674d374379ccac373145203c72)] -&gt; xpath: //a/h3]]" type="java.lang.AssertionError">
      <![CDATA[java.lang.AssertionError: [size is too small] 
Expected size: 5 but was: 10 in:
[[[ChromeDriver: chrome on mac (e18ea6674d374379ccac373145203c72)] -> xpath: //a/h3],
    [[ChromeDriver: chrome on mac (e18ea6674d374379ccac373145203c72)] -> xpath: //a/h3],
    [[ChromeDriver: chrome on mac (e18ea6674d374379ccac373145203c72)] -> xpath: //a/h3],
    [[ChromeDriver: chrome on mac (e18ea6674d374379ccac373145203c72)] -> xpath: //a/h3],
    [[ChromeDriver: chrome on mac (e18ea6674d374379ccac373145203c72)] -> xpath: //a/h3],
    [[ChromeDriver: chrome on mac (e18ea6674d374379ccac373145203c72)] -> xpath: //a/h3],
    [[ChromeDriver: chrome on mac (e18ea6674d374379ccac373145203c72)] -> xpath: //a/h3],
    [[ChromeDriver: chrome on mac (e18ea6674d374379ccac373145203c72)] -> xpath: //a/h3],
    [[ChromeDriver: chrome on mac (e18ea6674d374379ccac373145203c72)] -> xpath: //a/h3],
    [[ChromeDriver: chrome on mac (e18ea6674d374379ccac373145203c72)] -> xpath: //a/h3]]
at com.prashant.tests.HomePageTests.test2(HomePageTests.java:69)
at java.base/jdk.internal.reflect.NativeMethodAccessorImpl.invoke0(Native Method)
at java.base/jdk.internal.reflect.NativeMethodAccessorImpl.invoke(NativeMethodAccessorImpl.java:77)
at java.base/jdk.internal.reflect.DelegatingMethodAccessorImpl.invoke(DelegatingMethodAccessorImpl.java:43)
at java.base/java.lang.reflect.Method.invoke(Method.java:568)
at org.testng.internal.invokers.MethodInvocationHelper.invokeMethod(MethodInvocationHelper.java:139)
at org.testng.internal.invokers.TestInvoker.invokeMethod(TestInvoker.java:664)
at org.testng.internal.invokers.TestInvoker.invokeTestMethod(TestInvoker.java:227)
at org.testng.internal.invokers.MethodRunner.runInSequence(MethodRunner.java:50)
at org.testng.internal.invokers.TestInvoker$MethodInvocationAgent.invoke(TestInvoker.java:957)
at org.testng.internal.invokers.TestInvoker.invokeTestMethods(TestInvoker.java:200)
at org.testng.internal.invokers.TestMethodWorker.invokeTestMethods(TestMethodWorker.java:148)
at org.testng.internal.invokers.TestMethodWorker.run(TestMethodWorker.java:128)
at java.base/java.util.ArrayList.forEach(ArrayList.java:1511)
at org.testng.TestRunner.privateRun(TestRunner.java:848)
at org.testng.TestRunner.run(TestRunner.java:621)
at org.testng.SuiteRunner.runTest(SuiteRunner.java:443)
at org.testng.SuiteRunner.runSequentially(SuiteRunner.java:437)
at org.testng.SuiteRunner.privateRun(SuiteRunner.java:397)
at org.testng.SuiteRunner.run(SuiteRunner.java:336)
at org.testng.SuiteRunnerWorker.runSuite(SuiteRunnerWorker.java:52)
at org.testng.SuiteRunnerWorker.run(SuiteRunnerWorker.java:95)
at org.testng.TestNG.runSuitesSequentially(TestNG.java:1280)
at org.testng.TestNG.runSuitesLocally(TestNG.java:1200)
at org.testng.TestNG.runSuites(TestNG.java:1114)
at org.testng.TestNG.run(TestNG.java:1082)
at org.testng.remote.AbstractRemoteTestNG.run(AbstractRemoteTestNG.java:115)
at org.testng.remote.RemoteTestNG.initAndRun(RemoteTestNG.java:251)
at org.testng.remote.RemoteTestNG.main(RemoteTestNG.java:77)
]]>
    </failure>
  </testcase> <!-- test2 -->
</testsuite> <!-- com.prashant.tests.HomePageTests -->
